[2017.8.17 22:58:30] C:\Users\한영\Desktop\eclipse-workspace\Sample\Intern.jnt -> Intern1_20170817_20170817.jnt
[2017.8.17 22:58:30] C:\Users\한영\Desktop\eclipse-workspace\Sample\Jombie.jnt -> Jombie2_20170817_20170817.jnt
[2017.8.17 22:58:30] C:\Users\한영\Desktop\eclipse-workspace\Sample\Korea.jnt -> Korea3_20170817_20170817.jnt
[2017.8.17 22:58:30] C:\Users\한영\Desktop\eclipse-workspace\Sample\Lemon.jnt -> Lemon4_20170817_20170817.jnt
[2017.8.17 22:58:30] C:\Users\한영\Desktop\eclipse-workspace\Sample\Motorcycle.jnt -> Motorcycle5_20170817_20170817.jnt
[2017.8.17 22:58:30] C:\Users\한영\Desktop\eclipse-workspace\Sample\Nutella.jnt -> Nutella6_20170817_20170817.jnt
[2017.8.17 22:58:30] C:\Users\한영\Desktop\eclipse-workspace\Sample\Operate.jnt -> Operate7_20170817_20170817.jnt
[2017.8.17 22:58:30] C:\Users\한영\Desktop\eclipse-workspace\Sample\Person.jnt -> Person8_20170817_20170817.jnt
[2017.8.17 22:58:30] C:\Users\한영\Desktop\eclipse-workspace\Sample\가위.jnt -> 가위9_20170817_20170817.jnt
[2017.8.17 22:58:30] C:\Users\한영\Desktop\eclipse-workspace\Sample\나그네.jnt -> 나그네10_20170817_20170817.jnt
[2017.8.17 22:58:30] C:\Users\한영\Desktop\eclipse-workspace\Sample\다리미.jnt -> 다리미11_20170817_20170817.jnt
[2017.8.17 22:58:30] C:\Users\한영\Desktop\eclipse-workspace\Sample\라면.jnt -> 라면12_20170817_20170817.jnt
[2017.8.17 22:58:30] C:\Users\한영\Desktop\eclipse-workspace\Sample\마이동풍.jnt -> 마이동풍13_20170817_20170817.jnt
[2017.8.17 22:58:30] C:\Users\한영\Desktop\eclipse-workspace\Sample\바지주머니.jnt -> 바지주머니14_20170817_20170817.jnt
[2017.8.17 22:58:30] C:\Users\한영\Desktop\eclipse-workspace\Sample\사면초가.jnt -> 사면초가15_20170817_20170817.jnt
[2017.8.17 22:58:30] C:\Users\한영\Desktop\eclipse-workspace\Sample\아라한.jnt -> 아라한16_20170817_20170817.jnt
[2017.8.17 22:58:30] C:\Users\한영\Desktop\eclipse-workspace\Sample\Artist.jnt -> Artist17_20170817_20170817.jnt
[2017.8.17 22:58:30] C:\Users\한영\Desktop\eclipse-workspace\Sample\Butterfly.jnt -> Butterfly18_20170817_20170817.jnt
[2017.8.17 22:58:30] C:\Users\한영\Desktop\eclipse-workspace\Sample\Circle.jnt -> Circle19_20170817_20170817.jnt
[2017.8.17 22:58:30] C:\Users\한영\Desktop\eclipse-workspace\Sample\Demonstrate.jnt -> Demonstrate20_20170817_20170817.jnt
[2017.8.17 22:58:30] C:\Users\한영\Desktop\eclipse-workspace\Sample\Electric.jnt -> Electric21_20170817_20170817.jnt
[2017.8.17 22:58:30] C:\Users\한영\Desktop\eclipse-workspace\Sample\Future.jnt -> Future22_20170817_20170817.jnt
[2017.8.17 22:58:30] C:\Users\한영\Desktop\eclipse-workspace\Sample\Grammer.jnt -> Grammer23_20170817_20170817.jnt
[2017.8.17 22:58:30] C:\Users\한영\Desktop\eclipse-workspace\Sample\Hottest.jnt -> Hottest24_20170817_20170817.jnt
[2017.8.17 23:14:31] C:\Users\한영\Desktop\eclipse-workspace\Sample\Ugly.jnt -> 20170817_Ugly.jnt
[2017.8.17 23:14:31] C:\Users\한영\Desktop\eclipse-workspace\Sample\Teacher.jnt -> 20170817_Teacher.jnt
[2017.8.17 23:14:31] C:\Users\한영\Desktop\eclipse-workspace\Sample\Silence.jnt -> 20170817_Silence.jnt
[2017.8.17 23:14:31] C:\Users\한영\Desktop\eclipse-workspace\Sample\Robot.jnt -> 20170817_Robot.jnt
[2017.8.17 23:14:31] C:\Users\한영\Desktop\eclipse-workspace\Sample\Queen.jnt -> 20170817_Queen.jnt
[2017.8.17 23:14:31] C:\Users\한영\Desktop\eclipse-workspace\Sample\Person.jnt -> 20170817_Person.jnt
[2017.8.17 23:14:31] C:\Users\한영\Desktop\eclipse-workspace\Sample\Operate.jnt -> 20170817_Operate.jnt
[2017.8.17 23:14:31] C:\Users\한영\Desktop\eclipse-workspace\Sample\Nutella.jnt -> 20170817_Nutella.jnt
[2017.8.17 23:14:31] C:\Users\한영\Desktop\eclipse-workspace\Sample\Motorcycle.jnt -> 20170817_Motorcycle.jnt
[2017.8.17 23:14:31] C:\Users\한영\Desktop\eclipse-workspace\Sample\Lemon.jnt -> 20170817_Lemon.jnt
[2017.8.17 23:14:32] C:\Users\한영\Desktop\eclipse-workspace\Sample\Korea.jnt -> 20170817_Korea.jnt
[2017.8.17 23:14:32] C:\Users\한영\Desktop\eclipse-workspace\Sample\Jombie.jnt -> 20170817_Jombie.jnt
[2017.8.17 23:14:32] C:\Users\한영\Desktop\eclipse-workspace\Sample\Intern.jnt -> 20170817_Intern.jnt
[2017.8.17 23:14:32] C:\Users\한영\Desktop\eclipse-workspace\Sample\Hottest.jnt -> 20170817_Hottest.jnt
[2017.8.17 23:14:32] C:\Users\한영\Desktop\eclipse-workspace\Sample\Grammer.jnt -> 20170817_Grammer.jnt
[2017.8.17 23:14:32] C:\Users\한영\Desktop\eclipse-workspace\Sample\Future.jnt -> 20170817_Future.jnt
[2017.8.17 23:14:32] C:\Users\한영\Desktop\eclipse-workspace\Sample\Electric.jnt -> 20170817_Electric.jnt
[2017.8.17 23:14:32] C:\Users\한영\Desktop\eclipse-workspace\Sample\Demonstrate.jnt -> 20170817_Demonstrate.jnt
[2017.8.17 23:14:32] C:\Users\한영\Desktop\eclipse-workspace\Sample\Circle.jnt -> 20170817_Circle.jnt
[2017.8.17 23:14:32] C:\Users\한영\Desktop\eclipse-workspace\Sample\Butterfly.jnt -> 20170817_Butterfly.jnt
[2017.8.17 23:14:32] C:\Users\한영\Desktop\eclipse-workspace\Sample\Artist.jnt -> 20170817_Artist.jnt
